mike@ubuntu:~/tstsrv$vagrant up
Bringing machine 'default' up with 'virtualbox' provider...
==> default: Importing base box 'opscode_ubuntu-14.04'...
==> default: Matching MAC address for NAT networking...
==> default: Setting the name of the VM: tstsrv_default_1472975911154_25658
==> default: Clearing any previously set network interfaces...
==> default: Preparing network interfaces based on configuration...
    default: Adapter 1: nat
==> default: Forwarding ports...
    default: 8080 => 8000 (adapter 1)
    default: 22 => 2222 (adapter 1)
==> default: Booting VM...
==> default: Waiting for machine to boot. This may take a few minutes...
    default: SSH address: 127.0.0.1:2222
    default: SSH username: vagrant
    default: SSH auth method: private key
    default: Warning: Connection timeout. Retrying...
    default: Warning: Connection timeout. Retrying...
    default: Warning: Remote connection disconnect. Retrying...
==> default: Machine booted and ready!
==> default: Checking for guest additions in VM...
    default: The guest additions on this VM do not match the installed version of
    default: VirtualBox! In most cases this is fine, but in rare cases it can
    default: prevent things such as shared folders from working properly. If you see
    default: shared folder errors, please make sure the guest additions within the
    default: virtual machine match the version of VirtualBox you have installed on
    default: your host and reload your VM.
    default: 
    default: Guest Additions Version: 5.0.26
    default: VirtualBox Version: 4.3
==> default: Mounting shared folders...
    default: /vagrant => /home/mike/tstsrv
==> default: Installing Chef latest Omnibus package...
==> default: ubuntu 14.04 x86_64
==> default: Getting information for chef stable latest for ubuntu...
==> default: downloading https://omnitruck-direct.chef.io/stable/chef/metadata?v=latest&p=ubuntu&pv=14.04&m=x86_64
==> default:   to file /tmp/install.sh.1060/metadata.txt
==> default: trying wget...
==> default: sha1	72a0a10ba5684d1e51590c1bc022bcb2e99348c6
==> default: sha256	973c2bc9a84822158ba7c0c360d0a25c97420f293ccbe5d8019615a411460785
==> default: url	https://packages.chef.io/stable/ubuntu/14.04/chef_12.13.37-1_amd64.deb
==> default: version	12.13.37
==> default: downloaded metadata file looks valid...
==> default: downloading https://packages.chef.io/stable/ubuntu/14.04/chef_12.13.37-1_amd64.deb
==> default:   to file /tmp/install.sh.1060/chef_12.13.37-1_amd64.deb
==> default: trying wget...
==> default: Comparing checksum with sha256sum...
==> default: Installing chef latest
==> default: installing with dpkg...
==> default: Selecting previously unselected package chef.
==> default: (Reading database ... 32924 files and directories currently installed.)
==> default: Preparing to unpack .../chef_12.13.37-1_amd64.deb ...
==> default: Unpacking chef (12.13.37-1) ...
==> default: Setting up chef (12.13.37-1) ...
==> default: Thank you for installing Chef!
==> default: Running provisioner: chef_client...
==> default: Creating folder to hold client key...
==> default: Uploading chef client validation key...
Generating chef JSON and uploading...
==> default: Warning: Chef run list is empty. This may not be what you want.
==> default: Running chef-client...
==> default: stdin: is not a tty
==> default: [2016-09-04T08:00:44+00:00] INFO: Forking chef instance to converge...
==> default: [2016-09-04T08:00:44+00:00] INFO: *** Chef 12.13.37 ***
==> default: [2016-09-04T08:00:44+00:00] INFO: Platform: x86_64-linux
==> default: [2016-09-04T08:00:44+00:00] INFO: Chef-client pid: 1215
==> default: [2016-09-04T08:00:48+00:00] INFO: Client key /etc/chef/client.pem is not present - registering
==> default: [2016-09-04T08:00:50+00:00] INFO: HTTP Request Returned 404 Object Not Found: error
==> default: [2016-09-04T08:00:51+00:00] INFO: Run List is []
==> default: [2016-09-04T08:00:51+00:00] INFO: Run List expands to []
==> default: [2016-09-04T08:00:51+00:00] INFO: Starting Chef Run for tstsrv
==> default: [2016-09-04T08:00:51+00:00] INFO: Running start handlers
==> default: [2016-09-04T08:00:51+00:00] INFO: Start handlers complete.
==> default: [2016-09-04T08:00:54+00:00] INFO: Loading cookbooks []
==> default: [2016-09-04T08:00:54+00:00] WARN: Node tstsrv has an empty run list.
==> default: [2016-09-04T08:00:55+00:00] INFO: Chef Run complete in 3.759580123 seconds
==> default: [2016-09-04T08:00:55+00:00] INFO: Running report handlers
==> default: [2016-09-04T08:00:55+00:00] INFO: Report handlers complete
==> default: [2016-09-04T08:00:55+00:00] INFO: Sending resource update report (run-id: 62d4f805-0ed3-44ce-bd50-9a2df88d8b13)

